<?xml version="1.0" encoding="UTF-8"?>
<!-- Generated by org.testng.reporters.JUnitReportReporter -->
<testsuite hostname="DESKTOP-9G2RSCN" failures="0" tests="1" name="com.info.tests.StationLocationSerchTest" time="5.294" errors="0" timestamp="2023-02-09T11:33:14 IST" skipped="0">
  <testcase classname="com.info.tests.StationLocationSerchTest" name="main" time="5.294"/>
  <system-out/>
</testsuite> <!-- com.info.tests.StationLocationSerchTest -->
