<?xml version="1.0" encoding="UTF-8"?>
<!-- Generated by org.testng.reporters.JUnitReportReporter -->
<testsuite hostname="DESKTOP-9G2RSCN" failures="0" tests="3" name="com.info.tests.HomePageTest" time="31.761" errors="0" timestamp="2023-02-09T11:33:14 IST" skipped="0">
  <testcase classname="com.info.tests.HomePageTest" name="validateUserIdTextBox" time="7.981"/>
  <system-out/>
  <testcase classname="com.info.tests.HomePageTest" name="validatetheLoginwithProperCredentials" time="12.761"/>
  <system-out/>
  <testcase classname="com.info.tests.HomePageTest" name="validateThe_Password__textBox" time="11.019"/>
  <system-out/>
</testsuite> <!-- com.info.tests.HomePageTest -->
