<?xml version="1.0" encoding="UTF-8"?>
<!-- Generated by org.testng.reporters.JUnitReportReporter -->
<testsuite hostname="DESKTOP-81QTSJV" failures="0" tests="1" name="com.info.tests.LandingPageTest" time="0.022" errors="0" timestamp="2022-12-09T08:20:41 IST" skipped="0">
  <testcase classname="com.info.tests.LandingPageTest" name="test" time="0.022"/>
  <system-out/>
</testsuite> <!-- com.info.tests.LandingPageTest -->
